\BOOKMARK [0][-]{chapter.1}{INTRODU\307\303O}{}% 1
\BOOKMARK [1][-]{section.1.1}{CONTEXTUALIZA\307\303O}{chapter.1}% 2
\BOOKMARK [1][-]{section.1.2}{DEFINI\307\303O DO PROBLEMA}{chapter.1}% 3
\BOOKMARK [1][-]{section.1.3}{OBJETIVOS}{chapter.1}% 4
\BOOKMARK [2][-]{subsection.1.3.1}{PRINCIPAL}{section.1.3}% 5
\BOOKMARK [2][-]{subsection.1.3.2}{ESPEC\315FICOS}{section.1.3}% 6
\BOOKMARK [1][-]{section.1.4}{ORGANIZA\307\303O DO MANUSCRITO}{chapter.1}% 7
\BOOKMARK [0][-]{chapter.2}{FUNDAMENTOS TE\323RICOS}{}% 8
\BOOKMARK [1][-]{section.2.1}{SISTEMA NEUROMUSCULAR}{chapter.2}% 9
\BOOKMARK [2][-]{subsection.2.1.1}{O SISTEMA NERVOSO}{section.2.1}% 10
\BOOKMARK [2][-]{subsection.2.1.2}{O SISTEMA MUSCULAR}{section.2.1}% 11
\BOOKMARK [1][-]{section.2.2}{ESTIMULA\307\303O EL\311TRICA}{chapter.2}% 12
\BOOKMARK [2][-]{subsection.2.2.1}{ELEMENTOS HIST\323RICOS}{section.2.2}% 13
\BOOKMARK [2][-]{subsection.2.2.2}{PRINC\315PIOS}{section.2.2}% 14
\BOOKMARK [2][-]{subsection.2.2.3}{FORMA DE ONDA}{section.2.2}% 15
\BOOKMARK [2][-]{subsection.2.2.4}{APLICA\307\325ES}{section.2.2}% 16
\BOOKMARK [2][-]{subsection.2.2.5}{ESTIMULA\307\303O EL\311TRICA E FADIGA MUSCULAR}{section.2.2}% 17
\BOOKMARK [2][-]{subsection.2.2.6}{ELETRODIAGN\323STICO DE EST\315MULO}{section.2.2}% 18
\BOOKMARK [1][-]{section.2.3}{DISPOSITIVOS DE ESTIMULA\307\303O EL\311TRICA E ELETRODIAGN\323STICO}{chapter.2}% 19
\BOOKMARK [2][-]{subsection.2.3.1}{COMPONENTES DE UM SISTEMA T\315PICO DE ESTIMULA\307\303O EL\311TRICA}{section.2.3}% 20
\BOOKMARK [0][-]{chapter.3}{ESTADO DA ARTE}{}% 21
\BOOKMARK [1][-]{section.3.1}{PERSPECTIVA HIST\323RICA}{chapter.3}% 22
\BOOKMARK [1][-]{section.3.2}{SISTEMAS CONTEMPOR\302NEOS DE ELETROESTIMULA\307\303O}{chapter.3}% 23
\BOOKMARK [2][-]{subsection.3.2.1}{Interface de controle}{section.3.2}% 24
\BOOKMARK [2][-]{subsection.3.2.2}{Unidade de controle}{section.3.2}% 25
\BOOKMARK [2][-]{subsection.3.2.3}{Gerador de sinais}{section.3.2}% 26
\BOOKMARK [2][-]{subsection.3.2.4}{Est\341gio de pot\352ncia de sa\355da}{section.3.2}% 27
\BOOKMARK [2][-]{subsection.3.2.5}{Fontes de alimenta\347\343o}{section.3.2}% 28
\BOOKMARK [2][-]{subsection.3.2.6}{Detec\347\343o de movimento e eletrodiagn\363stico}{section.3.2}% 29
\BOOKMARK [1][-]{section.3.3}{SISTEMAS DE ELETROESTIMULA\307\303O DISPON\315VEIS COMERCIALMENTE}{chapter.3}% 30
\BOOKMARK [1][-]{section.3.4}{FADIGA MUSCULAR}{chapter.3}% 31
\BOOKMARK [2][-]{subsection.3.4.1}{FADIGA MUSCULAR INDUZIDA POR ESTIMULA\307\303O EL\311TRICA}{section.3.4}% 32
\BOOKMARK [1][-]{section.3.5}{MECANOMIOGRAF\314A}{chapter.3}% 33
\BOOKMARK [2][-]{subsection.3.5.1}{MECANOMIOGRAF\314A E ESTIMULA\307\303O EL\311TRICA}{section.3.5}% 34
\BOOKMARK [2][-]{subsection.3.5.2}{USO DE MECANOMIOGRAFIA NA MEDI\307\303O DE FADIGA CAUSADA POR ESTIMULA\307\303O EL\311TRICA}{section.3.5}% 35
\BOOKMARK [0][-]{chapter.4}{MATERIAIS E M\311TODOS}{}% 36
\BOOKMARK [1][-]{section.4.1}{REQUISITOS DO SISTEMA}{chapter.4}% 37
\BOOKMARK [1][-]{section.4.2}{HARDWARE}{chapter.4}% 38
\BOOKMARK [2][-]{subsection.4.2.1}{M\323DULO DE CONTROLE}{section.4.2}% 39
\BOOKMARK [2][-]{subsection.4.2.2}{M\323DULO GERADOR DE SINAL}{section.4.2}% 40
\BOOKMARK [2][-]{subsection.4.2.3}{M\323DULO ESTIMULADOR}{section.4.2}% 41
\BOOKMARK [2][-]{subsection.4.2.4}{M\323DULO DE DETEC\307\303O DE MOVIMENTO}{section.4.2}% 42
\BOOKMARK [2][-]{subsection.4.2.5}{FONTE DE ALIMENTA\307\303O}{section.4.2}% 43
\BOOKMARK [2][-]{subsection.4.2.6}{SELETOR DA SA\315DA DOS CANAIS DO SISTEMA DE ESTIMULA\307\303O}{section.4.2}% 44
\BOOKMARK [2][-]{subsection.4.2.7}{BOT\303O DE EMERG\312NCIA}{section.4.2}% 45
\BOOKMARK [2][-]{subsection.4.2.8}{LED INDICADOR}{section.4.2}% 46
\BOOKMARK [2][-]{subsection.4.2.9}{PCI DO SISTEMA DE ESTIMULA\307\303O}{section.4.2}% 47
\BOOKMARK [2][-]{subsection.4.2.10}{MONTAGEM E FINALIZA\307\303O DA VERS\303O FINAL DO SISTEMA DE ESTIMULA\307\303O}{section.4.2}% 48
\BOOKMARK [1][-]{section.4.3}{SOFTWARE}{chapter.4}% 49
\BOOKMARK [2][-]{subsection.4.3.1}{FIRMWARE DO SISTEMA DE ESTIMULA\307\303O}{section.4.3}% 50
\BOOKMARK [2][-]{subsection.4.3.2}{INTERFACE GR\301FICA DE CONTROLE DO ESTIMULADOR}{section.4.3}% 51
\BOOKMARK [0][-]{chapter.5}{RESULTADOS}{}% 52
\BOOKMARK [1][-]{section.5.1}{TESTES DO SISTEMA PROPOSTO}{chapter.5}% 53
\BOOKMARK [2][-]{subsection.5.1.1}{HARDWARE INTERNO DO SISTEMA DE ESTIMULA\307\303O}{section.5.1}% 54
\BOOKMARK [2][-]{subsection.5.1.2}{HARDWARE EXTERNO DO SISTEMA DE ESTIMULA\307\303O}{section.5.1}% 55
\BOOKMARK [2][-]{subsection.5.1.3}{TESTES DO HARDWARE EM CONDI\307\325ES EXTREMAS DE OPERA\307\303O}{section.5.1}% 56
\BOOKMARK [2][-]{subsection.5.1.4}{TESTES NORMATIVOS}{section.5.1}% 57
\BOOKMARK [2][-]{subsection.5.1.5}{M\323DULO INTERFACE DE USU\301RIO}{section.5.1}% 58
\BOOKMARK [0][-]{subsection.5.1.5}{REFER\312NCIAS BIBLIOGR\301FICAS}{}% 59
\BOOKMARK [0][-]{appendix.A}{AP\312NDICE I}{}% 60
